# JRE version: OpenJDK Runtime Environment Temurin-17.0.8+7 (17.0.8+7) (build 17.0.8+7)
# Java VM: OpenJDK 64-Bit Server VM Temurin-17.0.8+7 (17.0.8+7, mixed mode, sharing, tiered, compressed oops, compressed class ptrs, g1 gc, windows-amd64)
GC Precious Log:
 CPUs: 8 total, 8 available
 Memory: 32627M
 Large Page Support: Disabled
 NUMA Support: Disabled
 Compressed Oops: Enabled (32-bit)
 Heap Region Size: 1M
 Heap Min Capacity: 8M
 Heap Initial Capacity: 510M
 Heap Max Capacity: 2G
 Pre-touch: Disabled
 Parallel Workers: 8
 Concurrent Workers: 2
 Concurrent Refinement Workers: 8
 Periodic GC: Disabled
Heap:
 garbage-first heap   total 378880K, used 144972K [0x0000000080000000, 0x0000000100000000)
  region size 1024K, 2 young (2048K), 2 survivors (2048K)
 Metaspace       used 102096K, committed 103040K, reserved 1179648K
  class space    used 14154K, committed 14656K, reserved 1048576K
GC Heap History (20 events):
Event: 15.780 GC heap after
{Heap after GC invocations=21 (full 0):
 garbage-first heap   total 263168K, used 118460K [0x0000000080000000, 0x0000000100000000)
  region size 1024K, 16 young (16384K), 16 survivors (16384K)
 Metaspace       used 97626K, committed 98368K, reserved 1179648K
  class space    used 13596K, committed 13952K, reserved 1048576K
}
Event: 16.478 GC heap before
{Heap before GC invocations=21 (full 0):
 garbage-first heap   total 263168K, used 210620K [0x0000000080000000, 0x0000000100000000)
  region size 1024K, 106 young (108544K), 16 survivors (16384K)
 Metaspace       used 99164K, committed 100032K, reserved 1179648K
  class space    used 13780K, committed 14208K, reserved 1048576K
}
Event: 16.492 GC heap after
{Heap after GC invocations=22 (full 0):
 garbage-first heap   total 263168K, used 130339K [0x0000000080000000, 0x0000000100000000)
  region size 1024K, 11 young (11264K), 11 survivors (11264K)
 Metaspace       used 99164K, committed 100032K, reserved 1179648K
  class space    used 13780K, committed 14208K, reserved 1048576K
}
Event: 16.795 GC heap before
{Heap before GC invocations=22 (full 0):
 garbage-first heap   total 263168K, used 210211K [0x0000000080000000, 0x0000000100000000)
  region size 1024K, 90 young (92160K), 11 survivors (11264K)
 Metaspace       used 99234K, committed 100096K, reserved 1179648K
  class space    used 13780K, committed 14208K, reserved 1048576K
}
Event: 16.802 GC heap after
{Heap after GC invocations=23 (full 0):
 garbage-first heap   total 263168K, used 133961K [0x0000000080000000, 0x0000000100000000)
  region size 1024K, 6 young (6144K), 6 survivors (6144K)
 Metaspace       used 99234K, committed 100096K, reserved 1179648K
  class space    used 13780K, committed 14208K, reserved 1048576K
}
Event: 17.319 GC heap before
{Heap before GC invocations=24 (full 0):
 garbage-first heap   total 263168K, used 212809K [0x0000000080000000, 0x0000000100000000)
  region size 1024K, 84 young (86016K), 6 survivors (6144K)
 Metaspace       used 99745K, committed 100672K, reserved 1179648K
  class space    used 13887K, committed 14336K, reserved 1048576K
}
Event: 17.324 GC heap after
{Heap after GC invocations=25 (full 0):
 garbage-first heap   total 263168K, used 135896K [0x0000000080000000, 0x0000000100000000)
  region size 1024K, 8 young (8192K), 8 survivors (8192K)
 Metaspace       used 99745K, committed 100672K, reserved 1179648K
  class space    used 13887K, committed 14336K, reserved 1048576K
}
Event: 17.336 GC heap before
{Heap before GC invocations=25 (full 0):
 garbage-first heap   total 263168K, used 138968K [0x0000000080000000, 0x0000000100000000)
  region size 1024K, 12 young (12288K), 8 survivors (8192K)
 Metaspace       used 99745K, committed 100672K, reserved 1179648K
  class space    used 13887K, committed 14336K, reserved 1048576K
}
Event: 17.341 GC heap after
{Heap after GC invocations=26 (full 0):
 garbage-first heap   total 263168K, used 134464K [0x0000000080000000, 0x0000000100000000)
  region size 1024K, 2 young (2048K), 2 survivors (2048K)
 Metaspace       used 99745K, committed 100672K, reserved 1179648K
  class space    used 13887K, committed 14336K, reserved 1048576K
}
Event: 17.672 GC heap before
{Heap before GC invocations=26 (full 0):
 garbage-first heap   total 263168K, used 214336K [0x0000000080000000, 0x0000000100000000)
  region size 1024K, 81 young (82944K), 2 survivors (2048K)
 Metaspace       used 99838K, committed 100736K, reserved 1179648K
  class space    used 13901K, committed 14336K, reserved 1048576K
}
Event: 17.676 GC heap after
{Heap after GC invocations=27 (full 0):
 garbage-first heap   total 263168K, used 137774K [0x0000000080000000, 0x0000000100000000)
  region size 1024K, 5 young (5120K), 5 survivors (5120K)
 Metaspace       used 99838K, committed 100736K, reserved 1179648K
  class space    used 13901K, committed 14336K, reserved 1048576K
}
Event: 18.427 GC heap before
{Heap before GC invocations=28 (full 0):
 garbage-first heap   total 263168K, used 221742K [0x0000000080000000, 0x0000000100000000)
  region size 1024K, 83 young (84992K), 5 survivors (5120K)
 Metaspace       used 101836K, committed 102784K, reserved 1179648K
  class space    used 14123K, committed 14592K, reserved 1048576K
}
Event: 18.436 GC heap after
{Heap after GC invocations=29 (full 0):
 garbage-first heap   total 263168K, used 143355K [0x0000000080000000, 0x0000000100000000)
  region size 1024K, 10 young (10240K), 10 survivors (10240K)
 Metaspace       used 101836K, committed 102784K, reserved 1179648K
  class space    used 14123K, committed 14592K, reserved 1048576K
}
Event: 18.456 GC heap before
{Heap before GC invocations=29 (full 0):
 garbage-first heap   total 263168K, used 144379K [0x0000000080000000, 0x0000000100000000)
  region size 1024K, 12 young (12288K), 10 survivors (10240K)
 Metaspace       used 101878K, committed 102784K, reserved 1179648K
  class space    used 14125K, committed 14592K, reserved 1048576K
}
Event: 18.465 GC heap after
{Heap after GC invocations=30 (full 0):
 garbage-first heap   total 263168K, used 142199K [0x0000000080000000, 0x0000000100000000)
  region size 1024K, 2 young (2048K), 2 survivors (2048K)
 Metaspace       used 101878K, committed 102784K, reserved 1179648K
  class space    used 14125K, committed 14592K, reserved 1048576K
}
Event: 18.865 GC heap before
{Heap before GC invocations=30 (full 0):
 garbage-first heap   total 263168K, used 214903K [0x0000000080000000, 0x0000000100000000)
  region size 1024K, 74 young (75776K), 2 survivors (2048K)
 Metaspace       used 102056K, committed 102976K, reserved 1179648K
  class space    used 14150K, committed 14592K, reserved 1048576K
}
Event: 18.869 GC heap after
{Heap after GC invocations=31 (full 0):
 garbage-first heap   total 263168K, used 144933K [0x0000000080000000, 0x0000000100000000)
  region size 1024K, 5 young (5120K), 5 survivors (5120K)
 Metaspace       used 102056K, committed 102976K, reserved 1179648K
  class space    used 14150K, committed 14592K, reserved 1048576K
}
Event: 19.228 GC heap before
{Heap before GC invocations=32 (full 0):
 garbage-first heap   total 285696K, used 216613K [0x0000000080000000, 0x0000000100000000)
  region size 1024K, 76 young (77824K), 5 survivors (5120K)
 Metaspace       used 102096K, committed 103040K, reserved 1179648K
  class space    used 14154K, committed 14656K, reserved 1048576K
}
Event: 19.232 GC heap after
{Heap after GC invocations=33 (full 0):
 garbage-first heap   total 285696K, used 146869K [0x0000000080000000, 0x0000000100000000)
  region size 1024K, 7 young (7168K), 7 survivors (7168K)
 Metaspace       used 102096K, committed 103040K, reserved 1179648K
  class space    used 14154K, committed 14656K, reserved 1048576K
}
Event: 19.248 GC heap before
{Heap before GC invocations=33 (full 0):
 garbage-first heap   total 285696K, used 151989K [0x0000000080000000, 0x0000000100000000)
  region size 1024K, 13 young (13312K), 7 survivors (7168K)
 Metaspace       used 102096K, committed 103040K, reserved 1179648K
  class space    used 14154K, committed 14656K, reserved 1048576K
}

